Base path: 'C:/Program Files/Unity/Hub/Editor/2019.2.6f1/Editor/Data', plugins path 'C:/Program Files/Unity/Hub/Editor/2019.2.6f1/Editor/Data/PlaybackEngines'
Cmd: initializeCompiler
Cmd: compileComputeKernel
  api=4 insize=18610 outsize=4952 ok=1
Cmd: compileComputeKernel
  api=4 insize=15603 outsize=116548 ok=1
Cmd: compileComputeKernel
  api=4 insize=15603 outsize=55246 ok=1
Cmd: compileComputeKernel
  api=4 insize=15603 outsize=36140 ok=1
Cmd: compileComputeKernel
  api=4 insize=15603 outsize=42889 ok=1
Cmd: compileComputeKernel
  api=4 insize=15603 outsize=55492 ok=1
Cmd: compileComputeKernel
  api=4 insize=15603 outsize=35776 ok=1
Cmd: compileComputeKernel
  api=4 insize=15603 outsize=42637 ok=1
Cmd: compileComputeKernel
  api=4 insize=15603 outsize=14009 ok=1
Cmd: compileComputeKernel
  api=4 insize=15603 outsize=15264 ok=1
Cmd: compileComputeKernel
  api=4 insize=15603 outsize=22344 ok=1
Cmd: compileComputeKernel
  api=4 insize=15603 outsize=48516 ok=1
Cmd: compileComputeKernel
  api=4 insize=15603 outsize=40427 ok=1
Cmd: compileComputeKernel
  api=4 insize=15603 outsize=33824 ok=1
Cmd: compileComputeKernel
  api=4 insize=15603 outsize=47233 ok=1
Cmd: compileComputeKernel
  api=4 insize=15603 outsize=33829 ok=1
Cmd: compileComputeKernel
  api=4 insize=15603 outsize=68532 ok=1
Cmd: compileComputeKernel
  api=4 insize=15603 outsize=50829 ok=1
Cmd: compileComputeKernel
  api=4 insize=15603 outsize=98233 ok=1
Cmd: compileComputeKernel
  api=4 insize=25750 outsize=14181 ok=1
Cmd: compileComputeKernel
  api=4 insize=25750 outsize=15917 ok=1
Cmd: compileComputeKernel
  api=4 insize=25750 outsize=16121 ok=1
Cmd: compileComputeKernel
  api=4 insize=3797 outsize=1744 ok=1
Cmd: compileComputeKernel
  api=4 insize=1042 outsize=3163 ok=1
Cmd: compileComputeKernel
  api=4 insize=1326 outsize=678 ok=1
Cmd: compileComputeKernel
  api=4 insize=9347 outsize=7844 ok=1
Cmd: compileComputeKernel
  api=4 insize=9347 outsize=7851 ok=1
Cmd: compileComputeKernel
  api=4 insize=9461 outsize=467 ok=1
Cmd: compileComputeKernel
  api=4 insize=4025 outsize=5279 ok=1
Cmd: compileComputeKernel
  api=4 insize=4918 outsize=2055 ok=1
Cmd: compileComputeKernel
  api=4 insize=11912 outsize=1172 ok=1
Cmd: compileComputeKernel
  api=4 insize=7423 outsize=1322 ok=1
Cmd: compileComputeKernel
  api=4 insize=7423 outsize=1261 ok=1
Cmd: compileComputeKernel
  api=4 insize=3092 outsize=1980 ok=1
Cmd: compileComputeKernel
  api=4 insize=13624 outsize=2094 ok=1
Cmd: compileComputeKernel
  api=4 insize=13624 outsize=2204 ok=1
Cmd: compileComputeKernel
  api=4 insize=21554 outsize=14055 ok=1
Cmd: compileComputeKernel
  api=4 insize=21554 outsize=14767 ok=1
Cmd: compileComputeKernel
  api=4 insize=8644 outsize=813 ok=1
Cmd: compileComputeKernel
  api=4 insize=8644 outsize=4857 ok=1
Cmd: compileComputeKernel
  api=4 insize=642 outsize=741 ok=1
Cmd: compileComputeKernel
  api=4 insize=4423 outsize=2453 ok=1
Cmd: compileComputeKernel
  api=4 insize=3022 outsize=494 ok=1
Cmd: compileComputeKernel
  api=4 insize=7918 outsize=532 ok=1
Cmd: compileComputeKernel
  api=4 insize=7918 outsize=317 ok=1
Cmd: compileComputeKernel
  api=4 insize=857 outsize=578 ok=1
Cmd: compileComputeKernel
  api=4 insize=1580 outsize=16101 ok=1
Cmd: compileComputeKernel
  api=4 insize=20668 outsize=27771 ok=1
Cmd: compileComputeKernel
  api=4 insize=36515 outsize=36014 ok=1
Cmd: compileComputeKernel
  api=4 insize=36515 outsize=37474 ok=1
Cmd: compileComputeKernel
  api=4 insize=36515 outsize=36014 ok=1
Cmd: compileComputeKernel
  api=4 insize=36515 outsize=37474 ok=1
Cmd: compileComputeKernel
  api=4 insize=8350 outsize=2100 ok=1
Cmd: compileComputeKernel
  api=4 insize=5477 outsize=1267 ok=1
Cmd: compileComputeKernel
  api=4 insize=17606 outsize=7333 ok=1
Cmd: compileComputeKernel
  api=4 insize=5065 outsize=1174 ok=1
Cmd: compileComputeKernel
  api=4 insize=5065 outsize=695 ok=1
Cmd: compileComputeKernel
  api=4 insize=5065 outsize=899 ok=1
Cmd: compileComputeKernel
  api=4 insize=8970 outsize=4890 ok=1
Cmd: compileComputeKernel
  api=4 insize=3043 outsize=551 ok=1
Cmd: compileComputeKernel
  api=4 insize=9814 outsize=3652 ok=1
Cmd: compileComputeKernel
  api=4 insize=3289 outsize=4635 ok=1
Cmd: compileComputeKernel
  api=4 insize=7700 outsize=3364 ok=1
Cmd: compileComputeKernel
  api=4 insize=7700 outsize=6747 ok=1
Cmd: compileComputeKernel
  api=4 insize=3918 outsize=2751 ok=1
Cmd: compileComputeKernel
  api=4 insize=3654 outsize=1426 ok=1
Cmd: compileComputeKernel
  api=4 insize=17632 outsize=5164 ok=1
Cmd: compileComputeKernel
  api=4 insize=2510 outsize=562 ok=1
Cmd: compileComputeKernel
  api=4 insize=19711 outsize=24850 ok=1
Cmd: compileComputeKernel
  api=4 insize=1957 outsize=1383 ok=1
Cmd: compileSnippet
  api=4 type=0 insize=5826 outsize=846 kw= pd=UNITY_ENABLE_REFLECTION_BUFFERS UNITY_USE_DITHER_MASK_FOR_ALPHABLENDED_SHADOWS UNITY_PBS_USE_BRDF1 UNITY_SPECCUBE_BOX_PROJECTION UNITY_SPECCUBE_BLENDING UNITY_ENABLE_DETAIL_NORMALMAP SHADER_API_DESKTOP UNITY_LIGHT_PROBE_PROXY_VOLUME UNITY_LIGHTMAP_FULL_HDR ok=1
Cmd: compileSnippet
  api=4 type=1 insize=1475 outsize=246 kw= pd=UNITY_ENABLE_REFLECTION_BUFFERS UNITY_USE_DITHER_MASK_FOR_ALPHABLENDED_SHADOWS UNITY_PBS_USE_BRDF1 UNITY_SPECCUBE_BOX_PROJECTION UNITY_SPECCUBE_BLENDING UNITY_ENABLE_DETAIL_NORMALMAP SHADER_API_DESKTOP UNITY_LIGHT_PROBE_PROXY_VOLUME UNITY_LIGHTMAP_FULL_HDR ok=1
